# JRE version: OpenJDK Runtime Environment (17.0.7) (build 17.0.7+0-b2043.56-10353782)
# Java VM: OpenJDK 64-Bit Server VM (17.0.7+0-b2043.56-10353782, mixed mode, tiered, compressed oops, compressed class ptrs, g1 gc, windows-amd64)
GC Precious Log:
 CPUs: 8 total, 8 available
 Memory: 7834M
 Large Page Support: Disabled
 NUMA Support: Disabled
 Compressed Oops: Enabled (32-bit)
 Heap Region Size: 1M
 Heap Min Capacity: 8M
 Heap Initial Capacity: 124M
 Heap Max Capacity: 2G
 Pre-touch: Disabled
 Parallel Workers: 8
 Concurrent Workers: 2
 Concurrent Refinement Workers: 8
 Periodic GC: Disabled
Heap:
 garbage-first heap   total 357376K, used 194241K [0x0000000080000000, 0x0000000100000000)
  region size 1024K, 6 young (6144K), 6 survivors (6144K)
 Metaspace       used 119373K, committed 120256K, reserved 1179648K
  class space    used 15608K, committed 16000K, reserved 1048576K
GC Heap History (20 events):
Event: 2633.062 GC heap after
{Heap after GC invocations=49 (full 0):
 garbage-first heap   total 271360K, used 173210K [0x0000000080000000, 0x0000000100000000)
  region size 1024K, 5 young (5120K), 5 survivors (5120K)
 Metaspace       used 113761K, committed 114688K, reserved 1179648K
  class space    used 14879K, committed 15296K, reserved 1048576K
}
Event: 3470.970 GC heap before
{Heap before GC invocations=50 (full 0):
 garbage-first heap   total 291840K, used 229530K [0x0000000080000000, 0x0000000100000000)
  region size 1024K, 61 young (62464K), 5 survivors (5120K)
 Metaspace       used 113616K, committed 114752K, reserved 1179648K
  class space    used 14778K, committed 15296K, reserved 1048576K
}
Event: 3470.990 GC heap after
{Heap after GC invocations=51 (full 0):
 garbage-first heap   total 291840K, used 176583K [0x0000000080000000, 0x0000000100000000)
  region size 1024K, 8 young (8192K), 8 survivors (8192K)
 Metaspace       used 113616K, committed 114752K, reserved 1179648K
  class space    used 14778K, committed 15296K, reserved 1048576K
}
Event: 3471.389 GC heap before
{Heap before GC invocations=51 (full 0):
 garbage-first heap   total 291840K, used 182727K [0x0000000080000000, 0x0000000100000000)
  region size 1024K, 14 young (14336K), 8 survivors (8192K)
 Metaspace       used 113790K, committed 114752K, reserved 1179648K
  class space    used 14798K, committed 15296K, reserved 1048576K
}
Event: 3471.455 GC heap after
{Heap after GC invocations=52 (full 0):
 garbage-first heap   total 291840K, used 175734K [0x0000000080000000, 0x0000000100000000)
  region size 1024K, 2 young (2048K), 2 survivors (2048K)
 Metaspace       used 113790K, committed 114752K, reserved 1179648K
  class space    used 14798K, committed 15296K, reserved 1048576K
}
Event: 3472.188 GC heap before
{Heap before GC invocations=52 (full 0):
 garbage-first heap   total 291840K, used 248438K [0x0000000080000000, 0x0000000100000000)
  region size 1024K, 73 young (74752K), 2 survivors (2048K)
 Metaspace       used 115122K, committed 115968K, reserved 1179648K
  class space    used 14999K, committed 15360K, reserved 1048576K
}
Event: 3472.200 GC heap after
{Heap after GC invocations=53 (full 0):
 garbage-first heap   total 291840K, used 186111K [0x0000000080000000, 0x0000000100000000)
  region size 1024K, 10 young (10240K), 10 survivors (10240K)
 Metaspace       used 115122K, committed 115968K, reserved 1179648K
  class space    used 14999K, committed 15360K, reserved 1048576K
}
Event: 3472.923 GC heap before
{Heap before GC invocations=53 (full 0):
 garbage-first heap   total 291840K, used 244479K [0x0000000080000000, 0x0000000100000000)
  region size 1024K, 68 young (69632K), 10 survivors (10240K)
 Metaspace       used 115603K, committed 116480K, reserved 1179648K
  class space    used 15066K, committed 15424K, reserved 1048576K
}
Event: 3472.945 GC heap after
{Heap after GC invocations=54 (full 0):
 garbage-first heap   total 291840K, used 192719K [0x0000000080000000, 0x0000000100000000)
  region size 1024K, 7 young (7168K), 7 survivors (7168K)
 Metaspace       used 115603K, committed 116480K, reserved 1179648K
  class space    used 15066K, committed 15424K, reserved 1048576K
}
Event: 3473.325 GC heap before
{Heap before GC invocations=55 (full 0):
 garbage-first heap   total 357376K, used 239823K [0x0000000080000000, 0x0000000100000000)
  region size 1024K, 54 young (55296K), 7 survivors (7168K)
 Metaspace       used 115764K, committed 116800K, reserved 1179648K
  class space    used 15061K, committed 15424K, reserved 1048576K
}
Event: 3473.341 GC heap after
{Heap after GC invocations=56 (full 0):
 garbage-first heap   total 357376K, used 196670K [0x0000000080000000, 0x0000000100000000)
  region size 1024K, 5 young (5120K), 5 survivors (5120K)
 Metaspace       used 115764K, committed 116800K, reserved 1179648K
  class space    used 15061K, committed 15424K, reserved 1048576K
}
Event: 3473.402 GC heap before
{Heap before GC invocations=56 (full 0):
 garbage-first heap   total 357376K, used 207934K [0x0000000080000000, 0x0000000100000000)
  region size 1024K, 17 young (17408K), 5 survivors (5120K)
 Metaspace       used 115801K, committed 116800K, reserved 1179648K
  class space    used 15066K, committed 15424K, reserved 1048576K
}
Event: 3473.431 GC heap after
{Heap after GC invocations=57 (full 0):
 garbage-first heap   total 357376K, used 181753K [0x0000000080000000, 0x0000000100000000)
  region size 1024K, 2 young (2048K), 2 survivors (2048K)
 Metaspace       used 115801K, committed 116800K, reserved 1179648K
  class space    used 15066K, committed 15424K, reserved 1048576K
}
Event: 3473.687 GC heap before
{Heap before GC invocations=57 (full 0):
 garbage-first heap   total 357376K, used 225785K [0x0000000080000000, 0x0000000100000000)
  region size 1024K, 47 young (48128K), 2 survivors (2048K)
 Metaspace       used 115961K, committed 116800K, reserved 1179648K
  class space    used 15098K, committed 15424K, reserved 1048576K
}
Event: 3473.693 GC heap after
{Heap after GC invocations=58 (full 0):
 garbage-first heap   total 357376K, used 184080K [0x0000000080000000, 0x0000000100000000)
  region size 1024K, 4 young (4096K), 4 survivors (4096K)
 Metaspace       used 115961K, committed 116800K, reserved 1179648K
  class space    used 15098K, committed 15424K, reserved 1048576K
}
Event: 3474.821 GC heap before
{Heap before GC invocations=59 (full 0):
 garbage-first heap   total 357376K, used 291600K [0x0000000080000000, 0x0000000100000000)
  region size 1024K, 109 young (111616K), 4 survivors (4096K)
 Metaspace       used 116867K, committed 117696K, reserved 1179648K
  class space    used 15226K, committed 15616K, reserved 1048576K
}
Event: 3474.831 GC heap after
{Heap after GC invocations=60 (full 0):
 garbage-first heap   total 357376K, used 192207K [0x0000000080000000, 0x0000000100000000)
  region size 1024K, 12 young (12288K), 12 survivors (12288K)
 Metaspace       used 116867K, committed 117696K, reserved 1179648K
  class space    used 15226K, committed 15616K, reserved 1048576K
}
Event: 3474.952 GC heap before
{Heap before GC invocations=60 (full 0):
 garbage-first heap   total 357376K, used 197327K [0x0000000080000000, 0x0000000100000000)
  region size 1024K, 17 young (17408K), 12 survivors (12288K)
 Metaspace       used 116976K, committed 117824K, reserved 1179648K
  class space    used 15243K, committed 15616K, reserved 1048576K
}
Event: 3474.970 GC heap after
{Heap after GC invocations=61 (full 0):
 garbage-first heap   total 357376K, used 190549K [0x0000000080000000, 0x0000000100000000)
  region size 1024K, 2 young (2048K), 2 survivors (2048K)
 Metaspace       used 116976K, committed 117824K, reserved 1179648K
  class space    used 15243K, committed 15616K, reserved 1048576K
}
Event: 3489.493 GC heap before
{Heap before GC invocations=61 (full 0):
 garbage-first heap   total 357376K, used 293973K [0x0000000080000000, 0x0000000100000000)
  region size 1024K, 104 young (106496K), 2 survivors (2048K)
 Metaspace       used 119373K, committed 120256K, reserved 1179648K
  class space    used 15608K, committed 16000K, reserved 1048576K
}

